mode: count
github.com/in-rajendra-pawar/demysttools/cmd/cli.go:9.18,12.19 2 0
github.com/in-rajendra-pawar/demysttools/cmd/cli.go:12.19,17.17 4 0
github.com/in-rajendra-pawar/demysttools/cmd/cli.go:17.17,19.4 1 0
github.com/in-rajendra-pawar/demysttools/cmd/cli.go:21.3,21.26 1 0
github.com/in-rajendra-pawar/demysttools/cmd/cli.go:23.8,27.3 2 0
github.com/in-rajendra-pawar/demysttools/cmd/cli.go:28.2,28.12 1 0
github.com/in-rajendra-pawar/demysttools/cmd/cmd.go:17.31,20.2 2 0
github.com/in-rajendra-pawar/demysttools/cmd/cmd.go:26.41,28.16 2 0
github.com/in-rajendra-pawar/demysttools/cmd/cmd.go:28.16,31.3 2 0
github.com/in-rajendra-pawar/demysttools/cmd/cmd.go:34.64,35.9 1 4
github.com/in-rajendra-pawar/demysttools/cmd/cmd.go:36.82,50.20 2 1
github.com/in-rajendra-pawar/demysttools/cmd/cmd.go:51.11,52.47 1 3
github.com/in-rajendra-pawar/demysttools/config/config.go:24.35,28.22 4 3
github.com/in-rajendra-pawar/demysttools/config/config.go:28.22,30.17 2 1
github.com/in-rajendra-pawar/demysttools/config/config.go:30.17,32.4 1 0
github.com/in-rajendra-pawar/demysttools/config/config.go:34.3,35.17 2 1
github.com/in-rajendra-pawar/demysttools/config/config.go:35.17,37.4 1 0
github.com/in-rajendra-pawar/demysttools/config/config.go:38.8,40.17 2 2
github.com/in-rajendra-pawar/demysttools/config/config.go:40.17,42.4 1 1
github.com/in-rajendra-pawar/demysttools/config/config.go:43.3,43.16 1 1
github.com/in-rajendra-pawar/demysttools/config/config.go:45.2,45.21 1 2
github.com/in-rajendra-pawar/demysttools/config/config.go:48.50,52.16 3 1
github.com/in-rajendra-pawar/demysttools/config/config.go:52.16,54.3 1 0
github.com/in-rajendra-pawar/demysttools/config/config.go:56.2,57.16 2 1
github.com/in-rajendra-pawar/demysttools/config/config.go:57.16,59.3 1 0
github.com/in-rajendra-pawar/demysttools/config/config.go:61.2,61.20 1 1
github.com/in-rajendra-pawar/demysttools/config/config.go:64.38,68.22 3 2
github.com/in-rajendra-pawar/demysttools/config/config.go:68.22,70.3 1 1
github.com/in-rajendra-pawar/demysttools/config/config.go:72.2,73.24 2 1
github.com/in-rajendra-pawar/demysttools/config/config.go:73.24,75.3 1 0
github.com/in-rajendra-pawar/demysttools/config/config.go:76.2,80.22 4 1
github.com/in-rajendra-pawar/demysttools/config/config.go:80.22,82.3 1 0
github.com/in-rajendra-pawar/demysttools/config/config.go:83.2,87.26 4 1
github.com/in-rajendra-pawar/demysttools/config/config.go:87.26,89.3 1 0
github.com/in-rajendra-pawar/demysttools/config/config.go:90.2,94.22 4 1
github.com/in-rajendra-pawar/demysttools/config/config.go:94.22,96.3 1 0
github.com/in-rajendra-pawar/demysttools/config/config.go:97.2,99.20 2 1
github.com/in-rajendra-pawar/demysttools/handler/handler.go:22.26,24.16 2 0
github.com/in-rajendra-pawar/demysttools/handler/handler.go:24.16,27.3 2 0
github.com/in-rajendra-pawar/demysttools/handler/handler.go:29.2,34.36 5 0
github.com/in-rajendra-pawar/demysttools/handler/handler.go:34.36,35.104 1 0
github.com/in-rajendra-pawar/demysttools/handler/handler.go:35.104,37.4 1 0
github.com/in-rajendra-pawar/demysttools/handler/handler.go:38.3,41.11 4 0
github.com/in-rajendra-pawar/demysttools/handler/handler.go:43.2,45.12 2 0
github.com/in-rajendra-pawar/demysttools/handler/handler.go:48.73,50.15 2 0
github.com/in-rajendra-pawar/demysttools/handler/handler.go:50.15,52.4 1 0
github.com/in-rajendra-pawar/demysttools/handler/handler.go:54.3,56.17 2 0
github.com/in-rajendra-pawar/demysttools/handler/handler.go:56.17,59.4 2 0
github.com/in-rajendra-pawar/demysttools/handler/handler.go:60.3,61.32 2 0
github.com/in-rajendra-pawar/demysttools/handler/handler.go:61.32,63.4 1 0
github.com/in-rajendra-pawar/demysttools/handler/handler.go:64.3,65.50 2 0
github.com/in-rajendra-pawar/demysttools/handler/handler.go:68.64,71.15 2 1
github.com/in-rajendra-pawar/demysttools/handler/handler.go:71.15,75.6 3 0
github.com/in-rajendra-pawar/demysttools/handler/handler.go:77.2,79.16 2 1
github.com/in-rajendra-pawar/demysttools/handler/handler.go:79.16,82.6 2 0
github.com/in-rajendra-pawar/demysttools/handler/handler.go:85.2,86.16 2 1
github.com/in-rajendra-pawar/demysttools/handler/handler.go:86.16,89.6 2 0
github.com/in-rajendra-pawar/demysttools/handler/handler.go:91.2,91.30 1 1
github.com/in-rajendra-pawar/demysttools/net/client.go:8.39,11.19 2 1
github.com/in-rajendra-pawar/demysttools/net/client.go:11.19,14.6 2 0
github.com/in-rajendra-pawar/demysttools/net/client.go:16.5,17.19 2 1
github.com/in-rajendra-pawar/demysttools/net/client.go:17.19,20.6 2 0
github.com/in-rajendra-pawar/demysttools/net/client.go:22.2,22.26 1 1
